Analysis & Synthesis report for CNC
Sun Oct 30 13:55:58 2022
Quartus II Version 9.1 Build 350 03/24/2010 Service Pack 2 SJ Web Edition


---------------------
; Table of Contents ;
---------------------
  1. Legal Notice
  2. Analysis & Synthesis Summary
  3. Analysis & Synthesis Settings
  4. Parallel Compilation
  5. Analysis & Synthesis Source Files Read
  6. Analysis & Synthesis Resource Usage Summary
  7. Analysis & Synthesis Resource Utilization by Entity
  8. Registers Removed During Synthesis
  9. General Register Statistics
 10. Inverted Register Statistics
 11. Multiplexer Restructuring Statistics (Restructuring Performed)
 12. Analysis & Synthesis Messages
 13. Analysis & Synthesis Suppressed Messages



----------------
; Legal Notice ;
----------------
Copyright (C) 1991-2010 Altera Corporation
Your use of Altera Corporation's design tools, logic functions 
and other software and tools, and its AMPP partner logic 
functions, and any output files from any of the foregoing 
(including device programming or simulation files), and any 
associated documentation or information are expressly subject 
to the terms and conditions of the Altera Program License 
Subscription Agreement, Altera MegaCore Function License 
Agreement, or other applicable license agreement, including, 
without limitation, that your use is for the sole purpose of 
programming logic devices manufactured by Altera and sold by 
Altera or its authorized distributors.  Please refer to the 
applicable agreement for further details.



+----------------------------------------------------------------------------+
; Analysis & Synthesis Summary                                               ;
+-----------------------------+----------------------------------------------+
; Analysis & Synthesis Status ; Successful - Sun Oct 30 13:55:58 2022        ;
; Quartus II Version          ; 9.1 Build 350 03/24/2010 SP 2 SJ Web Edition ;
; Revision Name               ; CNC                                          ;
; Top-level Entity Name       ; CNC                                          ;
; Family                      ; MAX II                                       ;
; Total logic elements        ; 265                                          ;
; Total pins                  ; 34                                           ;
; Total virtual pins          ; 0                                            ;
; UFM blocks                  ; 0 / 1 ( 0 % )                                ;
+-----------------------------+----------------------------------------------+


+----------------------------------------------------------------------------------------------------------------------+
; Analysis & Synthesis Settings                                                                                        ;
+----------------------------------------------------------------------------+--------------------+--------------------+
; Option                                                                     ; Setting            ; Default Value      ;
+----------------------------------------------------------------------------+--------------------+--------------------+
; Device                                                                     ; EPM1270T144C5      ;                    ;
; Top-level entity name                                                      ; CNC                ; CNC                ;
; Family name                                                                ; MAX II             ; Stratix II         ;
; Use Generated Physical Constraints File                                    ; Off                ;                    ;
; Use smart compilation                                                      ; Off                ; Off                ;
; Enable parallel Assembler and TimeQuest Timing Analyzer during compilation ; On                 ; On                 ;
; Enable compact report table                                                ; Off                ; Off                ;
; Restructure Multiplexers                                                   ; Auto               ; Auto               ;
; Create Debugging Nodes for IP Cores                                        ; Off                ; Off                ;
; Preserve fewer node names                                                  ; On                 ; On                 ;
; Disable OpenCore Plus hardware evaluation                                  ; Off                ; Off                ;
; Verilog Version                                                            ; Verilog_2001       ; Verilog_2001       ;
; VHDL Version                                                               ; VHDL_1993          ; VHDL_1993          ;
; State Machine Processing                                                   ; Auto               ; Auto               ;
; Safe State Machine                                                         ; Off                ; Off                ;
; Extract Verilog State Machines                                             ; On                 ; On                 ;
; Extract VHDL State Machines                                                ; On                 ; On                 ;
; Ignore Verilog initial constructs                                          ; Off                ; Off                ;
; Iteration limit for constant Verilog loops                                 ; 5000               ; 5000               ;
; Iteration limit for non-constant Verilog loops                             ; 250                ; 250                ;
; Add Pass-Through Logic to Inferred RAMs                                    ; On                 ; On                 ;
; Parallel Synthesis                                                         ; On                 ; On                 ;
; NOT Gate Push-Back                                                         ; On                 ; On                 ;
; Power-Up Don't Care                                                        ; On                 ; On                 ;
; Remove Redundant Logic Cells                                               ; Off                ; Off                ;
; Remove Duplicate Registers                                                 ; On                 ; On                 ;
; Ignore CARRY Buffers                                                       ; Off                ; Off                ;
; Ignore CASCADE Buffers                                                     ; Off                ; Off                ;
; Ignore GLOBAL Buffers                                                      ; Off                ; Off                ;
; Ignore ROW GLOBAL Buffers                                                  ; Off                ; Off                ;
; Ignore LCELL Buffers                                                       ; Off                ; Off                ;
; Ignore SOFT Buffers                                                        ; On                 ; On                 ;
; Limit AHDL Integers to 32 Bits                                             ; Off                ; Off                ;
; Optimization Technique                                                     ; Balanced           ; Balanced           ;
; Carry Chain Length                                                         ; 70                 ; 70                 ;
; Auto Carry Chains                                                          ; On                 ; On                 ;
; Auto Open-Drain Pins                                                       ; On                 ; On                 ;
; Perform WYSIWYG Primitive Resynthesis                                      ; Off                ; Off                ;
; Auto Shift Register Replacement                                            ; Auto               ; Auto               ;
; Auto Clock Enable Replacement                                              ; On                 ; On                 ;
; Allow Synchronous Control Signals                                          ; On                 ; On                 ;
; Force Use of Synchronous Clear Signals                                     ; Off                ; Off                ;
; Auto Resource Sharing                                                      ; Off                ; Off                ;
; Use LogicLock Constraints during Resource Balancing                        ; On                 ; On                 ;
; Ignore translate_off and synthesis_off directives                          ; Off                ; Off                ;
; Show Parameter Settings Tables in Synthesis Report                         ; On                 ; On                 ;
; Ignore Maximum Fan-Out Assignments                                         ; Off                ; Off                ;
; Synchronization Register Chain Length                                      ; 2                  ; 2                  ;
; PowerPlay Power Optimization                                               ; Normal compilation ; Normal compilation ;
; HDL message level                                                          ; Level2             ; Level2             ;
; Suppress Register Optimization Related Messages                            ; Off                ; Off                ;
; Number of Removed Registers Reported in Synthesis Report                   ; 5000               ; 5000               ;
; Number of Inverted Registers Reported in Synthesis Report                  ; 100                ; 100                ;
; Clock MUX Protection                                                       ; On                 ; On                 ;
; Block Design Naming                                                        ; Auto               ; Auto               ;
; Synthesis Effort                                                           ; Auto               ; Auto               ;
; Shift Register Replacement - Allow Asynchronous Clear Signal               ; On                 ; On                 ;
; Analysis & Synthesis Message Level                                         ; Medium             ; Medium             ;
; Disable Register Merging Across Hierarchies                                ; Auto               ; Auto               ;
+----------------------------------------------------------------------------+--------------------+--------------------+


Parallel compilation was disabled, but you have multiple processors available. Enable parallel compilation to reduce compilation time.
+-------------------------------------+
; Parallel Compilation                ;
+----------------------------+--------+
; Processors                 ; Number ;
+----------------------------+--------+
; Number detected on machine ; 4      ;
; Maximum allowed            ; 1      ;
+----------------------------+--------+


+------------------------------------------------------------------------------------------------------------------------------------------------------------------------------------+
; Analysis & Synthesis Source Files Read                                                                                                                                             ;
+----------------------------------+-----------------+------------------------------------+------------------------------------------------------------------------------------------+
; File Name with User-Entered Path ; Used in Netlist ; File Type                          ; File Name with Absolute Path                                                             ;
+----------------------------------+-----------------+------------------------------------+------------------------------------------------------------------------------------------+
; ../servoY/CNC.bdf                ; yes             ; User Block Diagram/Schematic File  ; C:/Users/DELL/Desktop/Bach_Khoa/HeThongDieuKhienNhung/CNC_PulseGen_Nhom08/servoY/CNC.bdf ;
; servox.v                         ; yes             ; Auto-Found Verilog HDL File        ; C:/Users/DELL/Desktop/Bach_Khoa/HeThongDieuKhienNhung/CNC_PulseGen_Nhom08/CNC/servox.v   ;
; servoy.v                         ; yes             ; Auto-Found Verilog HDL File        ; C:/Users/DELL/Desktop/Bach_Khoa/HeThongDieuKhienNhung/CNC_PulseGen_Nhom08/CNC/servoy.v   ;
+----------------------------------+-----------------+------------------------------------+------------------------------------------------------------------------------------------+


+-----------------------------------------------------+
; Analysis & Synthesis Resource Usage Summary         ;
+---------------------------------------------+-------+
; Resource                                    ; Usage ;
+---------------------------------------------+-------+
; Total logic elements                        ; 265   ;
;     -- Combinational with no register       ; 146   ;
;     -- Register only                        ; 11    ;
;     -- Combinational with a register        ; 108   ;
;                                             ;       ;
; Logic element usage by number of LUT inputs ;       ;
;     -- 4 input functions                    ; 101   ;
;     -- 3 input functions                    ; 131   ;
;     -- 2 input functions                    ; 19    ;
;     -- 1 input functions                    ; 3     ;
;     -- 0 input functions                    ; 0     ;
;                                             ;       ;
; Logic elements by mode                      ;       ;
;     -- normal mode                          ; 216   ;
;     -- arithmetic mode                      ; 49    ;
;     -- qfbk mode                            ; 0     ;
;     -- register cascade mode                ; 0     ;
;     -- synchronous clear/load mode          ; 0     ;
;     -- asynchronous clear/load mode         ; 0     ;
;                                             ;       ;
; Total registers                             ; 119   ;
; Total logic cells in carry chains           ; 56    ;
; I/O pins                                    ; 34    ;
; Maximum fan-out node                        ; clk   ;
; Maximum fan-out                             ; 119   ;
; Total fan-out                               ; 1013  ;
; Average fan-out                             ; 3.39  ;
+---------------------------------------------+-------+


+----------------------------------------------------------------------------------------------------------------------------------------------------------------------------------------------------------------------+
; Analysis & Synthesis Resource Utilization by Entity                                                                                                                                                                  ;
+----------------------------+-------------+--------------+------------+------+--------------+--------------+-------------------+------------------+-----------------+------------+---------------------+--------------+
; Compilation Hierarchy Node ; Logic Cells ; LC Registers ; UFM Blocks ; Pins ; Virtual Pins ; LUT-Only LCs ; Register-Only LCs ; LUT/Register LCs ; Carry Chain LCs ; Packed LCs ; Full Hierarchy Name ; Library Name ;
+----------------------------+-------------+--------------+------------+------+--------------+--------------+-------------------+------------------+-----------------+------------+---------------------+--------------+
; |CNC                       ; 265 (0)     ; 119          ; 0          ; 34   ; 0            ; 146 (0)      ; 11 (0)            ; 108 (0)          ; 56 (0)          ; 0 (0)      ; |CNC                ; work         ;
;    |servoX:inst|           ; 125 (125)   ; 49           ; 0          ; 0    ; 0            ; 76 (76)      ; 2 (2)             ; 47 (47)          ; 32 (32)         ; 0 (0)      ; |CNC|servoX:inst    ; work         ;
;    |servoY:inst12|         ; 140 (140)   ; 70           ; 0          ; 0    ; 0            ; 70 (70)      ; 9 (9)             ; 61 (61)          ; 24 (24)         ; 0 (0)      ; |CNC|servoY:inst12  ; work         ;
+----------------------------+-------------+--------------+------------+------+--------------+--------------+-------------------+------------------+-----------------+------------+---------------------+--------------+
Note: For table entries with two numbers listed, the numbers in parentheses indicate the number of resources of the given type used by the specific entity alone. The numbers listed outside of parentheses indicate the total resources of the given type used by the specific entity and all of its sub-entities in the hierarchy.


+----------------------------------------------------------------------------------+
; Registers Removed During Synthesis                                               ;
+----------------------------------------+-----------------------------------------+
; Register name                          ; Reason for Removal                      ;
+----------------------------------------+-----------------------------------------+
; servoX:inst|preWR                      ; Merged with servoY:inst12|preWR         ;
; servoX:inst|countWR[2]                 ; Merged with servoY:inst12|countWR[2]    ;
; servoX:inst|countWR[1]                 ; Merged with servoY:inst12|countWR[1]    ;
; servoX:inst|countWR[0]                 ; Merged with servoY:inst12|countWR[0]    ;
; servoX:inst|flag_full                  ; Merged with servoY:inst12|flag_full     ;
; servoX:inst|countWR[3]                 ; Merged with servoY:inst12|countWR[3]    ;
; servoX:inst|flag_T                     ; Merged with servoY:inst12|flag_T        ;
; servoX:inst|countT[0]                  ; Merged with servoY:inst12|countT[0]     ;
; servoX:inst|countT[1]                  ; Merged with servoY:inst12|countT[1]     ;
; servoX:inst|countT[2]                  ; Merged with servoY:inst12|countT[2]     ;
; servoX:inst|countT[3]                  ; Merged with servoY:inst12|countT[3]     ;
; servoX:inst|clk1                       ; Merged with servoY:inst12|clk1          ;
; servoX:inst|count_clk1[0]              ; Merged with servoY:inst12|count_clk1[0] ;
; servoX:inst|count_clk1[1]              ; Merged with servoY:inst12|count_clk1[1] ;
; servoX:inst|count_clk1[2]              ; Merged with servoY:inst12|count_clk1[2] ;
; servoX:inst|count_clk1[3]              ; Merged with servoY:inst12|count_clk1[3] ;
; servoX:inst|count_clk1[4]              ; Merged with servoY:inst12|count_clk1[4] ;
; servoX:inst|count_clk1[5]              ; Merged with servoY:inst12|count_clk1[5] ;
; servoX:inst|count_clk1[6]              ; Merged with servoY:inst12|count_clk1[6] ;
; servoX:inst|count_clk1[7]              ; Merged with servoY:inst12|count_clk1[7] ;
; servoX:inst|preflag_T                  ; Merged with servoY:inst12|preflag_T     ;
; Total Number of Removed Registers = 21 ;                                         ;
+----------------------------------------+-----------------------------------------+


+------------------------------------------------------+
; General Register Statistics                          ;
+----------------------------------------------+-------+
; Statistic                                    ; Value ;
+----------------------------------------------+-------+
; Total registers                              ; 119   ;
; Number of registers using Synchronous Clear  ; 0     ;
; Number of registers using Synchronous Load   ; 0     ;
; Number of registers using Asynchronous Clear ; 0     ;
; Number of registers using Asynchronous Load  ; 0     ;
; Number of registers using Clock Enable       ; 38    ;
; Number of registers using Preset             ; 0     ;
+----------------------------------------------+-------+


+--------------------------------------------------+
; Inverted Register Statistics                     ;
+----------------------------------------+---------+
; Inverted Register                      ; Fan out ;
+----------------------------------------+---------+
; servoY:inst12|clk1                     ; 3       ;
; servoY:inst12|flag_T                   ; 4       ;
; servoX:inst|acc[3]                     ; 1       ;
; servoY:inst12|acc[3]                   ; 1       ;
; servoX:inst|acc[1]                     ; 1       ;
; servoY:inst12|acc[1]                   ; 1       ;
; Total number of inverted registers = 6 ;         ;
+----------------------------------------+---------+


+------------------------------------------------------------------------------------------------------------------------------------------------+
; Multiplexer Restructuring Statistics (Restructuring Performed)                                                                                 ;
+--------------------+-----------+---------------+----------------------+------------------------+------------+----------------------------------+
; Multiplexer Inputs ; Bus Width ; Baseline Area ; Area if Restructured ; Saving if Restructured ; Registered ; Example Multiplexer Output       ;
+--------------------+-----------+---------------+----------------------+------------------------+------------+----------------------------------+
; 3:1                ; 8 bits    ; 16 LEs        ; 8 LEs                ; 8 LEs                  ; Yes        ; |CNC|servoY:inst12|count_clk1[5] ;
; 4:1                ; 14 bits   ; 28 LEs        ; 14 LEs               ; 14 LEs                 ; Yes        ; |CNC|servoY:inst12|Ny_temp[1]    ;
; 6:1                ; 4 bits    ; 16 LEs        ; 8 LEs                ; 8 LEs                  ; No         ; |CNC|servoY:inst12|countWR       ;
+--------------------+-----------+---------------+----------------------+------------------------+------------+----------------------------------+


+-------------------------------+
; Analysis & Synthesis Messages ;
+-------------------------------+
Info: *******************************************************************
Info: Running Quartus II Analysis & Synthesis
    Info: Version 9.1 Build 350 03/24/2010 Service Pack 2 SJ Web Edition
    Info: Processing started: Sun Oct 30 13:55:56 2022
Info: Command: quartus_map --read_settings_files=on --write_settings_files=off CNC -c CNC
Info: Found 1 design units, including 1 entities, in source file /users/dell/desktop/bach_khoa/hethongdieukhiennhung/cnc_pulsegen_nhom08/servoy/cnc.bdf
    Info: Found entity 1: CNC
Info: Elaborating entity "CNC" for the top level hierarchy
Warning: Using design file servox.v, which is not specified as a design file for the current project, but contains definitions for 1 design units and 1 entities in project
    Info: Found entity 1: servoX
Info: Elaborating entity "servoX" for hierarchy "servoX:inst"
Warning (10230): Verilog HDL assignment warning at servox.v(22): truncated value with size 32 to match size of target (8)
Warning (10230): Verilog HDL assignment warning at servox.v(33): truncated value with size 32 to match size of target (4)
Warning (10230): Verilog HDL assignment warning at servox.v(47): truncated value with size 32 to match size of target (4)
Warning (10230): Verilog HDL assignment warning at servox.v(76): truncated value with size 32 to match size of target (4)
Warning: Using design file servoy.v, which is not specified as a design file for the current project, but contains definitions for 1 design units and 1 entities in project
    Info: Found entity 1: servoY
Info: Elaborating entity "servoY" for hierarchy "servoY:inst12"
Warning (10230): Verilog HDL assignment warning at servoy.v(23): truncated value with size 32 to match size of target (8)
Warning (10230): Verilog HDL assignment warning at servoy.v(34): truncated value with size 32 to match size of target (4)
Warning (10230): Verilog HDL assignment warning at servoy.v(49): truncated value with size 32 to match size of target (4)
Warning (10230): Verilog HDL assignment warning at servoy.v(79): truncated value with size 32 to match size of target (4)
Info: Implemented 299 device resources after synthesis - the final resource count might be different
    Info: Implemented 27 input pins
    Info: Implemented 7 output pins
    Info: Implemented 265 logic cells
Info: Generated suppressed messages file C:/Users/DELL/Desktop/Bach_Khoa/HeThongDieuKhienNhung/CNC_PulseGen_Nhom08/CNC/CNC.map.smsg
Info: Quartus II Analysis & Synthesis was successful. 0 errors, 10 warnings
    Info: Peak virtual memory: 223 megabytes
    Info: Processing ended: Sun Oct 30 13:55:58 2022
    Info: Elapsed time: 00:00:02
    Info: Total CPU time (on all processors): 00:00:04


+------------------------------------------+
; Analysis & Synthesis Suppressed Messages ;
+------------------------------------------+
The suppressed messages can be found in C:/Users/DELL/Desktop/Bach_Khoa/HeThongDieuKhienNhung/CNC_PulseGen_Nhom08/CNC/CNC.map.smsg.


